BEGIN Configuration File: ../../booksim2/src/examples/flatflyconfig
// $Id$

// Copyright (c) 2007-2015, Trustees of The Leland Stanford Junior University
// All rights reserved.
//
// Redistribution and use in source and binary forms, with or without
// modification, are permitted provided that the following conditions are met:
//
// Redistributions of source code must retain the above copyright notice, this
// list of conditions and the following disclaimer.
// Redistributions in binary form must reproduce the above copyright notice,
// this list of conditions and the following disclaimer in the documentation
// and/or other materials provided with the distribution.
//
// THIS SOFTWARE IS PROVIDED BY THE COPYRIGHT HOLDERS AND CONTRIBUTORS "AS IS"
// AND ANY EXPRESS OR IMPLIED WARRANTIES, INCLUDING, BUT NOT LIMITED TO, THE
// IMPLIED WARRANTIES OF MERCHANTABILITY AND FITNESS FOR A PARTICULAR PURPOSE
// ARE DISCLAIMED. IN NO EVENT SHALL THE COPYRIGHT OWNER OR CONTRIBUTORS BE
// LIABLE FOR ANY DIRECT, INDIRECT, INCIDENTAL, SPECIAL, EXEMPLARY, OR
// CONSEQUENTIAL DAMAGES (INCLUDING, BUT NOT LIMITED TO, PROCUREMENT OF
// SUBSTITUTE GOODS OR SERVICES; LOSS OF USE, DATA, OR PROFITS; OR BUSINESS
// INTERRUPTION) HOWEVER CAUSED AND ON ANY THEORY OF LIABILITY, WHETHER IN
// CONTRACT, STRICT LIABILITY, OR TORT (INCLUDING NEGLIGENCE OR OTHERWISE)
// ARISING IN ANY WAY OUT OF THE USE OF THIS SOFTWARE, EVEN IF ADVISED OF THE
// POSSIBILITY OF SUCH DAMAGE.

//A flattened butterfly configurate file with many tweaks from the
//default settings. 


// Flow control
// Total number of VCs must match the above assignments
num_vcs     = 2;
vc_buf_size = 16;

wait_for_tail_credit = 0;

//
// Router architectureq
//
vc_allocator = islip; 
sw_allocator = islip;
alloc_iters  = 3;

credit_delay   = 0;
routing_delay  = 1;
vc_alloc_delay = 1;
sw_alloc_delay = 1;
st_final_delay = 1;

input_speedup     = 1;
output_speedup    = 1;
internal_speedup  = 1.6;

//
// Traffic
//

warmup_periods = 3;

sample_period  = 1000;  

sim_count          = 1;

traffic       = uniform;


// Flatfly 
//
// #node = k^(n+1)
//
// x, y, specifies the arrangement of routers in x and y dim
// xr, yr specifiies the arayment of clients in a router
//
topology = flatfly;
subnets = 1;

c  = 16;
k  = 16;
n  = 1;

x  = 16;
y  = 1;
xr = 16;
yr = 1;

use_noc_latency = 0;

//
// Routing
//

routing_function = ran_min;

//1: batch mode, 0: injection mode
use_read_write = 0;

//for injection mode
packet_size = 1;
injection_rate = 0.1;

//for batch mode
read_request_size=1;
write_request_size=1;
read_reply_size=1;
write_reply_size=1;

read_request_begin_vc  = 0;
read_request_end_vc    = 3;
write_reply_begin_vc   = 4;
write_reply_end_vc     = 7;
read_reply_begin_vc    = 4;
read_reply_end_vc      = 7;
write_request_begin_vc = 0;
write_request_end_vc   = 3;

//latency: drains all packet, throughput:no drain?
sim_type = latency;

watch_out = -;

END Configuration File: ../../booksim2/src/examples/flatflyconfig
OVERRIDE Parameter: injection_rate=0.025
OVERRIDE Parameter: traffic=uniform
 Flat Bufferfly 
 k = 16 n = 1 c = 16
 each switch - total radix =  31
 # of switches = 16
 # of channels = 240
 # of nodes ( size of network ) = 256
0 | node119 | Enqueuing flit 1 (packet 1) at time 0.
0 | traffic_manager | Finding output VC for flit 1:
0 | traffic_manager |   Selected output VC 0.
0 | node119 | Injecting flit 1 into subnet 0 at time 0 with priority 0.
1 | network_0/network_0_fchan_ingress119 | Beginning channel traversal for flit 1 with delay 1.
1 | network_0/network_0_fchan_ingress119 | Completed channel traversal for flit 1.
2 | network_0/router_7 | Received flit 1 from channel at input 7.
2 | network_0/router_7 | Adding flit 1 to VC 0 at input 7 (state: idle, empty).
2 | network_0/router_7/buf_7/vc_0 | Changing state from idle to routing.
2 | network_0/router_7 | Beginning routing for VC 0 at input 7 (front: 1).
2 | network_0/router_7 | Completed routing for VC 0 at input 7 (front: 1).
2 | network_0/router_7/buf_7/vc_0 | Changing state from routing to vc_alloc.
2 | network_0/router_7 | Beginning VC allocation for VC 0 at input 7 (front: 1).
2 | network_0/router_7 |   Requesting VC 0 at output 26 (in_pri: 0, out_pri: 0).
2 | network_0/router_7 |   Requesting VC 1 at output 26 (in_pri: 0, out_pri: 0).
2 | network_0/router_7/vc_allocator | Input requests = [ 14 -> [ 52@0 53@0 ]  ], output requests = [ 52 -> [ 14@0 ]  53 -> [ 14@0 ]  ].
2 | network_0/router_7/vc_allocator | Input grants = [ 14 -> 52  ], output grants = [ 52 -> 14  ].
2 | network_0/router_7 | Assigning VC 0 at output 26 to VC 0 at input 7.
2 | network_0/router_7 | Completed VC allocation for VC 0 at input 7 (front: 1).
2 | network_0/router_7 |   Acquiring assigned VC 0 at output 26.
2 | network_0/router_7/buf_7/vc_0 | Changing state from vc_alloc to active.
2 | network_0/router_7 | Beginning switch allocation for VC 0 at input 7 (front: 1).
2 | network_0/router_7 |   Requesting output 26.0 (non-spec, pri: 0).
2 | network_0/router_7/sw_allocator | Input requests = [ 7 -> [ 26@0 ]  ], output requests = [ 26 -> [ 7@0 ]  ].
2 | network_0/router_7/sw_allocator | Input grants = [ 7 -> 26  ], output grants = [ 26 -> 7  ].
2 | network_0/router_7 | Assigning output 26.0 to VC 0 at input 7.0.
2 | network_0/router_7 | Completed switch allocation for VC 0 at input 7 (front: 1).
2 | network_0/router_7 |   Scheduling switch connection from input 7.0 to output 26.0.
2 | network_0/router_7 | Beginning crossbar traversal for flit 1 from input 7.0 to output 26.0.
2 | network_0/router_7 | Completed crossbar traversal for flit 1 from input 7.0 to output 26.0.
2 | network_0/router_7 | Buffering flit 1 at output 26.
2 | network_0/router_7 | Sending flit 1 to channel at output 26.
3 | network_0/network_0_fchan_115 | Beginning channel traversal for flit 1 with delay 1.
3 | network_0/network_0_fchan_115 | Completed channel traversal for flit 1.
4 | network_0/router_11 | Received flit 1 from channel at input 23.
4 | network_0/router_11 | Adding flit 1 to VC 0 at input 23 (state: idle, empty).
4 | network_0/router_11/buf_23/vc_0 | Changing state from idle to routing.
4 | network_0/router_11 | Beginning routing for VC 0 at input 23 (front: 1).
4 | network_0/router_11 | Completed routing for VC 0 at input 23 (front: 1).
4 | network_0/router_11/buf_23/vc_0 | Changing state from routing to vc_alloc.
4 | network_0/router_11 | Beginning VC allocation for VC 0 at input 23 (front: 1).
4 | network_0/router_11 |   Requesting VC 0 at output 10 (in_pri: 0, out_pri: 0).
4 | network_0/router_11 |   Requesting VC 1 at output 10 (in_pri: 0, out_pri: 0).
4 | network_0/router_11/vc_allocator | Input requests = [ 4 -> [ 42@0 43@0 ]  46 -> [ 20@0 21@0 ]  56 -> [ 18@0 19@0 ]  ], output requests = [ 18 -> [ 56@0 ]  19 -> [ 56@0 ]  20 -> [ 46@0 ]  21 -> [ 46@0 ]  42 -> [ 4@0 ]  43 -> [ 4@0 ]  ].
4 | network_0/router_11/vc_allocator | Input grants = [ 4 -> 42  46 -> 20  56 -> 18  ], output grants = [ 18 -> 56  20 -> 46  42 -> 4  ].
4 | network_0/router_11 | Assigning VC 0 at output 10 to VC 0 at input 23.
4 | network_0/router_11 | Completed VC allocation for VC 0 at input 23 (front: 1).
4 | network_0/router_11 |   Acquiring assigned VC 0 at output 10.
4 | network_0/router_11/buf_23/vc_0 | Changing state from vc_alloc to active.
4 | network_0/router_11 | Beginning switch allocation for VC 0 at input 23 (front: 1).
4 | network_0/router_11 |   Requesting output 10.0 (non-spec, pri: 0).
4 | network_0/router_11/sw_allocator | Input requests = [ 2 -> [ 21@0 ]  23 -> [ 10@0 ]  28 -> [ 9@0 ]  ], output requests = [ 9 -> [ 28@0 ]  10 -> [ 23@0 ]  21 -> [ 2@0 ]  ].
4 | network_0/router_11/sw_allocator | Input grants = [ 2 -> 21  23 -> 10  28 -> 9  ], output grants = [ 9 -> 28  10 -> 23  21 -> 2  ].
4 | network_0/router_11 | Assigning output 10.0 to VC 0 at input 23.0.
4 | network_0/router_11 | Completed switch allocation for VC 0 at input 23 (front: 1).
4 | network_0/router_11 |   Scheduling switch connection from input 23.0 to output 10.0.
4 | network_0/router_11 | Beginning crossbar traversal for flit 1 from input 23.0 to output 10.0.
4 | network_0/router_11 | Completed crossbar traversal for flit 1 from input 23.0 to output 10.0.
4 | network_0/router_11 | Buffering flit 1 at output 10.
4 | network_0/router_11 | Sending flit 1 to channel at output 10.
5 | network_0/network_0_fchan_egress186 | Beginning channel traversal for flit 1 with delay 1.
5 | network_0/network_0_fchan_egress186 | Completed channel traversal for flit 1.
6 | node186 | Ejecting flit 1 (packet 1) from VC 0.
6 | node186 | Injecting credit for VC 0 into subnet 0.
6 | node186 | Retiring flit 1 (packet 1, src = 119, dest = 186, hops = 2, flat = 6).
6 | node186 | Retiring packet 1 (plat = 6, nlat = 6, frag = 0, src = 119, dest = 186).
Class 0:
Packet latency average = 5.90349
	minimum = 4
	maximum = 8
Network latency average = 5.90349
	minimum = 4
	maximum = 8
Slowest packet = 963
Flit latency average = 5.90349
	minimum = 4
	maximum = 8
Slowest flit = 963
Fragmentation average = 0
	minimum = 0
	maximum = 0
Injected packet rate average = 0.0252188
	minimum = 0.014 (at node 78)
	maximum = 0.037 (at node 33)
Accepted packet rate average = 0.0250938
	minimum = 0.012 (at node 10)
	maximum = 0.037 (at node 24)
Injected flit rate average = 0.0252188
	minimum = 0.014 (at node 78)
	maximum = 0.037 (at node 33)
Accepted flit rate average= 0.0250938
	minimum = 0.012 (at node 10)
	maximum = 0.037 (at node 24)
Injected packet length average = 1
Accepted packet length average = 1
Total in-flight flits = 32 (0 measured)
latency change    = 1
throughput change = 1
Class 0:
Packet latency average = 5.90396
	minimum = 4
	maximum = 8
Network latency average = 5.90396
	minimum = 4
	maximum = 8
Slowest packet = 963
Flit latency average = 5.90396
	minimum = 4
	maximum = 8
Slowest flit = 963
Fragmentation average = 0
	minimum = 0
	maximum = 0
Injected packet rate average = 0.0250117
	minimum = 0.0175 (at node 64)
	maximum = 0.0345 (at node 75)
Accepted packet rate average = 0.0249316
	minimum = 0.015 (at node 19)
	maximum = 0.036 (at node 80)
Injected flit rate average = 0.0250117
	minimum = 0.0175 (at node 64)
	maximum = 0.0345 (at node 75)
Accepted flit rate average= 0.0249316
	minimum = 0.015 (at node 19)
	maximum = 0.036 (at node 80)
Injected packet length average = 1
Accepted packet length average = 1
Total in-flight flits = 41 (0 measured)
latency change    = 7.94732e-05
throughput change = 0.00650215
Class 0:
Packet latency average = 5.90943
	minimum = 4
	maximum = 9
Network latency average = 5.90943
	minimum = 4
	maximum = 9
Slowest packet = 17346
Flit latency average = 5.90943
	minimum = 4
	maximum = 9
Slowest flit = 17346
Fragmentation average = 0
	minimum = 0
	maximum = 0
Injected packet rate average = 0.0253008
	minimum = 0.015 (at node 27)
	maximum = 0.039 (at node 25)
Accepted packet rate average = 0.0253164
	minimum = 0.01 (at node 15)
	maximum = 0.039 (at node 151)
Injected flit rate average = 0.0253008
	minimum = 0.015 (at node 27)
	maximum = 0.039 (at node 25)
Accepted flit rate average= 0.0253164
	minimum = 0.01 (at node 15)
	maximum = 0.039 (at node 151)
Injected packet length average = 1
Accepted packet length average = 1
Total in-flight flits = 37 (0 measured)
latency change    = 0.000925881
throughput change = 0.0151983
Warmed up ...Time used is 3000 cycles
Class 0:
Packet latency average = 5.90556
	minimum = 4
	maximum = 8
Network latency average = 5.90556
	minimum = 4
	maximum = 8
Slowest packet = 24190
Flit latency average = 5.90627
	minimum = 4
	maximum = 8
Slowest flit = 24190
Fragmentation average = 0
	minimum = 0
	maximum = 0
Injected packet rate average = 0.0246563
	minimum = 0.01 (at node 92)
	maximum = 0.038 (at node 10)
Accepted packet rate average = 0.0246719
	minimum = 0.013 (at node 85)
	maximum = 0.038 (at node 202)
Injected flit rate average = 0.0246563
	minimum = 0.01 (at node 92)
	maximum = 0.038 (at node 10)
Accepted flit rate average= 0.0246719
	minimum = 0.013 (at node 85)
	maximum = 0.038 (at node 202)
Injected packet length average = 1
Accepted packet length average = 1
Total in-flight flits = 33 (33 measured)
latency change    = 0.000655204
throughput change = 0.0261241
Class 0:
Packet latency average = 5.8997
	minimum = 4
	maximum = 8
Network latency average = 5.8997
	minimum = 4
	maximum = 8
Slowest packet = 24190
Flit latency average = 5.90007
	minimum = 4
	maximum = 8
Slowest flit = 24190
Fragmentation average = 0
	minimum = 0
	maximum = 0
Injected packet rate average = 0.0248086
	minimum = 0.015 (at node 92)
	maximum = 0.0345 (at node 128)
Accepted packet rate average = 0.0248027
	minimum = 0.0155 (at node 50)
	maximum = 0.0385 (at node 213)
Injected flit rate average = 0.0248086
	minimum = 0.015 (at node 92)
	maximum = 0.0345 (at node 128)
Accepted flit rate average= 0.0248027
	minimum = 0.0155 (at node 50)
	maximum = 0.0385 (at node 213)
Injected packet length average = 1
Accepted packet length average = 1
Total in-flight flits = 40 (40 measured)
latency change    = 0.000992986
throughput change = 0.00527601
Class 0:
Packet latency average = 5.89691
	minimum = 4
	maximum = 8
Network latency average = 5.89691
	minimum = 4
	maximum = 8
Slowest packet = 24190
Flit latency average = 5.89716
	minimum = 4
	maximum = 8
Slowest flit = 24190
Fragmentation average = 0
	minimum = 0
	maximum = 0
Injected packet rate average = 0.0250143
	minimum = 0.0183333 (at node 201)
	maximum = 0.0313333 (at node 18)
Accepted packet rate average = 0.0250065
	minimum = 0.0176667 (at node 110)
	maximum = 0.0333333 (at node 7)
Injected flit rate average = 0.0250143
	minimum = 0.0183333 (at node 201)
	maximum = 0.0313333 (at node 18)
Accepted flit rate average= 0.0250065
	minimum = 0.0176667 (at node 110)
	maximum = 0.0333333 (at node 7)
Injected packet length average = 1
Accepted packet length average = 1
Total in-flight flits = 43 (43 measured)
latency change    = 0.000472853
throughput change = 0.00814892
Draining all recorded packets ...
Draining remaining packets ...
Time taken is 6014 cycles
====== Overall Traffic Statistics ======
====== Traffic class 0 ======
Packet latency average = 5.89709 (1 samples)
	minimum = 4 (1 samples)
	maximum = 8 (1 samples)
Network latency average = 5.89709 (1 samples)
	minimum = 4 (1 samples)
	maximum = 8 (1 samples)
Flit latency average = 5.89739 (1 samples)
	minimum = 4 (1 samples)
	maximum = 8 (1 samples)
Fragmentation average = 0 (1 samples)
	minimum = 0 (1 samples)
	maximum = 0 (1 samples)
Injected packet rate average = 0.0250143 (1 samples)
	minimum = 0.0183333 (1 samples)
	maximum = 0.0313333 (1 samples)
Accepted packet rate average = 0.0250065 (1 samples)
	minimum = 0.0176667 (1 samples)
	maximum = 0.0333333 (1 samples)
Injected flit rate average = 0.0250143 (1 samples)
	minimum = 0.0183333 (1 samples)
	maximum = 0.0313333 (1 samples)
Accepted flit rate average = 0.0250065 (1 samples)
	minimum = 0.0176667 (1 samples)
	maximum = 0.0333333 (1 samples)
Injected packet size average = 1 (1 samples)
Accepted packet size average = 1 (1 samples)
Hops average = 1.93717 (1 samples)
Total run time 0.417951
